# JRE version: OpenJDK Runtime Environment (8.0_242-b01) (build 1.8.0_242-release-1644-b01)
# Java VM: OpenJDK 64-Bit Server VM (25.242-b01 mixed mode windows-amd64 compressed oops)
Heap:
 PSYoungGen      total 392192K, used 218669K [0x00000000d5580000, 0x00000000f3280000, 0x0000000100000000)
  eden space 351744K, 62% used [0x00000000d5580000,0x00000000e2b0b428,0x00000000ead00000)
  from space 40448K, 0% used [0x00000000ead00000,0x00000000ead00000,0x00000000ed480000)
  to   space 45568K, 0% used [0x00000000f0600000,0x00000000f0600000,0x00000000f3280000)
 ParOldGen       total 286720K, used 70975K [0x0000000080000000, 0x0000000091800000, 0x00000000d5580000)
  object space 286720K, 24% used [0x0000000080000000,0x000000008454fda0,0x0000000091800000)
 Metaspace       used 101530K, capacity 107316K, committed 107568K, reserved 1142784K
  class space    used 13439K, capacity 14572K, committed 14640K, reserved 1048576K
GC Heap History (10 events):
Event: 7.158 GC heap before
{Heap before GC invocations=13 (full 3):
 PSYoungGen      total 292864K, used 273408K [0x00000000d5580000, 0x00000000eba80000, 0x0000000100000000)
  eden space 273408K, 100% used [0x00000000d5580000,0x00000000e6080000,0x00000000e6080000)
  from space 19456K, 0% used [0x00000000e6080000,0x00000000e6080000,0x00000000e7380000)
  to   space 23040K, 0% used [0x00000000ea400000,0x00000000ea400000,0x00000000eba80000)
 ParOldGen       total 180224K, used 34071K [0x0000000080000000, 0x000000008b000000, 0x00000000d5580000)
  object space 180224K, 18% used [0x0000000080000000,0x0000000082145c28,0x000000008b000000)
 Metaspace       used 62711K, capacity 65908K, committed 66224K, reserved 1105920K
  class space    used 8668K, capacity 9293K, committed 9392K, reserved 1048576K
Event: 7.171 GC heap after
Heap after GC invocations=13 (full 3):
 PSYoungGen      total 339968K, used 21471K [0x00000000d5580000, 0x00000000ebf80000, 0x0000000100000000)
  eden space 316928K, 0% used [0x00000000d5580000,0x00000000d5580000,0x00000000e8b00000)
  from space 23040K, 93% used [0x00000000ea400000,0x00000000eb8f7f90,0x00000000eba80000)
  to   space 25600K, 0% used [0x00000000e8b00000,0x00000000e8b00000,0x00000000ea400000)
 ParOldGen       total 180224K, used 34079K [0x0000000080000000, 0x000000008b000000, 0x00000000d5580000)
  object space 180224K, 18% used [0x0000000080000000,0x0000000082147c28,0x000000008b000000)
 Metaspace       used 62711K, capacity 65908K, committed 66224K, reserved 1105920K
  class space    used 8668K, capacity 9293K, committed 9392K, reserved 1048576K
}
Event: 96.157 GC heap before
{Heap before GC invocations=14 (full 3):
 PSYoungGen      total 339968K, used 338399K [0x00000000d5580000, 0x00000000ebf80000, 0x0000000100000000)
  eden space 316928K, 100% used [0x00000000d5580000,0x00000000e8b00000,0x00000000e8b00000)
  from space 23040K, 93% used [0x00000000ea400000,0x00000000eb8f7f90,0x00000000eba80000)
  to   space 25600K, 0% used [0x00000000e8b00000,0x00000000e8b00000,0x00000000ea400000)
 ParOldGen       total 180224K, used 34079K [0x0000000080000000, 0x000000008b000000, 0x00000000d5580000)
  object space 180224K, 18% used [0x0000000080000000,0x0000000082147c28,0x000000008b000000)
 Metaspace       used 78725K, capacity 82666K, committed 82736K, reserved 1120256K
  class space    used 10530K, capacity 11281K, committed 11312K, reserved 1048576K
Event: 96.194 GC heap after
Heap after GC invocations=14 (full 3):
 PSYoungGen      total 342528K, used 25580K [0x00000000d5580000, 0x00000000efc80000, 0x0000000100000000)
  eden space 316928K, 0% used [0x00000000d5580000,0x00000000d5580000,0x00000000e8b00000)
  from space 25600K, 99% used [0x00000000e8b00000,0x00000000ea3fb220,0x00000000ea400000)
  to   space 36352K, 0% used [0x00000000ed900000,0x00000000ed900000,0x00000000efc80000)
 ParOldGen       total 180224K, used 53382K [0x0000000080000000, 0x000000008b000000, 0x00000000d5580000)
  object space 180224K, 29% used [0x0000000080000000,0x0000000083421ba0,0x000000008b000000)
 Metaspace       used 78725K, capacity 82666K, committed 82736K, reserved 1120256K
  class space    used 10530K, capacity 11281K, committed 11312K, reserved 1048576K
}
Event: 188.896 GC heap before
{Heap before GC invocations=15 (full 3):
 PSYoungGen      total 342528K, used 342508K [0x00000000d5580000, 0x00000000efc80000, 0x0000000100000000)
  eden space 316928K, 100% used [0x00000000d5580000,0x00000000e8b00000,0x00000000e8b00000)
  from space 25600K, 99% used [0x00000000e8b00000,0x00000000ea3fb220,0x00000000ea400000)
  to   space 36352K, 0% used [0x00000000ed900000,0x00000000ed900000,0x00000000efc80000)
 ParOldGen       total 180224K, used 53382K [0x0000000080000000, 0x000000008b000000, 0x00000000d5580000)
  object space 180224K, 29% used [0x0000000080000000,0x0000000083421ba0,0x000000008b000000)
 Metaspace       used 86261K, capacity 90630K, committed 90928K, reserved 1128448K
  class space    used 11400K, capacity 12255K, committed 12336K, reserved 1048576K
Event: 188.926 GC heap after
Heap after GC invocations=15 (full 3):
 PSYoungGen      total 387584K, used 32583K [0x00000000d5580000, 0x00000000efc00000, 0x0000000100000000)
  eden space 351744K, 0% used [0x00000000d5580000,0x00000000d5580000,0x00000000ead00000)
  from space 35840K, 90% used [0x00000000ed900000,0x00000000ef8d1f88,0x00000000efc00000)
  to   space 40448K, 0% used [0x00000000ead00000,0x00000000ead00000,0x00000000ed480000)
 ParOldGen       total 180224K, used 65092K [0x0000000080000000, 0x000000008b000000, 0x00000000d5580000)
  object space 180224K, 36% used [0x0000000080000000,0x0000000083f91210,0x000000008b000000)
 Metaspace       used 86261K, capacity 90630K, committed 90928K, reserved 1128448K
  class space    used 11400K, capacity 12255K, committed 12336K, reserved 1048576K
}
Event: 190.230 GC heap before
{Heap before GC invocations=16 (full 3):
 PSYoungGen      total 387584K, used 205440K [0x00000000d5580000, 0x00000000efc00000, 0x0000000100000000)
  eden space 351744K, 49% used [0x00000000d5580000,0x00000000dfe4e308,0x00000000ead00000)
  from space 35840K, 90% used [0x00000000ed900000,0x00000000ef8d1f88,0x00000000efc00000)
  to   space 40448K, 0% used [0x00000000ead00000,0x00000000ead00000,0x00000000ed480000)
 ParOldGen       total 180224K, used 65092K [0x0000000080000000, 0x000000008b000000, 0x00000000d5580000)
  object space 180224K, 36% used [0x0000000080000000,0x0000000083f91210,0x000000008b000000)
 Metaspace       used 93721K, capacity 98528K, committed 98600K, reserved 1134592K
  class space    used 12288K, capacity 13224K, committed 13232K, reserved 1048576K
Event: 190.256 GC heap after
Heap after GC invocations=16 (full 3):
 PSYoungGen      total 392192K, used 37508K [0x00000000d5580000, 0x00000000f3280000, 0x0000000100000000)
  eden space 351744K, 0% used [0x00000000d5580000,0x00000000d5580000,0x00000000ead00000)
  from space 40448K, 92% used [0x00000000ead00000,0x00000000ed1a1010,0x00000000ed480000)
  to   space 45568K, 0% used [0x00000000f0600000,0x00000000f0600000,0x00000000f3280000)
 ParOldGen       total 180224K, used 65100K [0x0000000080000000, 0x000000008b000000, 0x00000000d5580000)
  object space 180224K, 36% used [0x0000000080000000,0x0000000083f93210,0x000000008b000000)
 Metaspace       used 93721K, capacity 98528K, committed 98600K, reserved 1134592K
  class space    used 12288K, capacity 13224K, committed 13232K, reserved 1048576K
}
Event: 190.256 GC heap before
{Heap before GC invocations=17 (full 4):
 PSYoungGen      total 392192K, used 37508K [0x00000000d5580000, 0x00000000f3280000, 0x0000000100000000)
  eden space 351744K, 0% used [0x00000000d5580000,0x00000000d5580000,0x00000000ead00000)
  from space 40448K, 92% used [0x00000000ead00000,0x00000000ed1a1010,0x00000000ed480000)
  to   space 45568K, 0% used [0x00000000f0600000,0x00000000f0600000,0x00000000f3280000)
 ParOldGen       total 180224K, used 65100K [0x0000000080000000, 0x000000008b000000, 0x00000000d5580000)
  object space 180224K, 36% used [0x0000000080000000,0x0000000083f93210,0x000000008b000000)
 Metaspace       used 93721K, capacity 98528K, committed 98600K, reserved 1134592K
  class space    used 12288K, capacity 13224K, committed 13232K, reserved 1048576K
Event: 190.404 GC heap after
Heap after GC invocations=17 (full 4):
 PSYoungGen      total 392192K, used 0K [0x00000000d5580000, 0x00000000f3280000, 0x0000000100000000)
  eden space 351744K, 0% used [0x00000000d5580000,0x00000000d5580000,0x00000000ead00000)
  from space 40448K, 0% used [0x00000000ead00000,0x00000000ead00000,0x00000000ed480000)
  to   space 45568K, 0% used [0x00000000f0600000,0x00000000f0600000,0x00000000f3280000)
 ParOldGen       total 286720K, used 70975K [0x0000000080000000, 0x0000000091800000, 0x00000000d5580000)
  object space 286720K, 24% used [0x0000000080000000,0x000000008454fda0,0x0000000091800000)
 Metaspace       used 93203K, capacity 97088K, committed 98600K, reserved 1134592K
  class space    used 12123K, capacity 12942K, committed 13232K, reserved 1048576K
}

